<?xml version="1.0" encoding="UTF-8"?>
<!-- Generated by org.testng.reporters.JUnitReportReporter -->
<testsuite skipped="0" hostname="ip-172-31-80-188" name="Test.LoginTest" tests="3" failures="0" timestamp="09 Nov 2021 04:49:58 GMT" time="13.367" errors="0">
  <testcase name="Negativelogin" time="4.695" classname="Test.LoginTest"/>
  <testcase name="ExcelTest" time="3.849" classname="Test.LoginTest"/>
  <testcase name="Positivelogin" time="4.823" classname="Test.LoginTest"/>
</testsuite> <!-- Test.LoginTest -->
