<?xml version="1.0" encoding="UTF-8"?>
<!-- Generated by org.testng.reporters.JUnitReportReporter -->
<testsuite skipped="0" hostname="ip-172-31-80-188" name="Test.GridTest" tests="1" failures="0" timestamp="12 Nov 2021 04:11:47 GMT" time="3.997" errors="0">
  <testcase name="LunchBrowser" time="3.997" classname="Test.GridTest"/>
</testsuite> <!-- Test.GridTest -->
