<?xml version="1.0" encoding="UTF-8"?>
<!-- Generated by org.testng.reporters.JUnitReportReporter -->
<testsuite skipped="0" hostname="ip-172-31-80-188" name="Test.LoginTest" tests="3" failures="0" timestamp="09 Nov 2021 07:08:25 GMT" time="11.952" errors="0">
  <testcase name="Negativelogin" time="3.875" classname="Test.LoginTest"/>
  <testcase name="Positivelogin" time="4.127" classname="Test.LoginTest"/>
  <testcase name="ExcelTest" time="3.950" classname="Test.LoginTest"/>
</testsuite> <!-- Test.LoginTest -->
